<?xml version="1.0" encoding="UTF-8" ?>
<testsuite failures="0" time="0.246" errors="0" skipped="0" tests="2" name="gamecenter.core.processors.wechat.WechatPayNotificationProcessorTest">
  <properties>
[...]
</properties>
  <testcase time="0.199" classname="gamecenter.core.processors.wechat.WechatPayNotificationProcessorTest" name="validateTheSignForPayNotification"/>
  <testcase time="0.039" classname="gamecenter.core.processors.wechat.WechatPayNotificationProcessorTest" name="returnRsponseToWechatWithSuccessResult"/>
</testsuite>